<?xml version="1.0" encoding="utf-8" standalone="no"?>
<!--This file represents the results of running a test suite-->
<test-results name="C:\Users\Brian\Documents\Visual Studio 2013\Projects\MatchingGameFrameworks\MatchingGameFrameworksTest\bin\Debug\MatchingGameFrameworksTest.dll" total="36" errors="10" failures="0" not-run="0" inconclusive="0" ignored="0" skipped="0" invalid="0" date="2016-04-27" time="14:37:43">
  <environment nunit-version="2.6.4.14350" clr-version="2.0.50727.8689" os-version="Microsoft Windows NT 6.2.9200.0" platform="Win32NT" cwd="C:\Program Files (x86)\NUnit 2.6.4\bin" machine-name="DESKTOP-A5J87HT" user="Brian" user-domain="DESKTOP-A5J87HT" />
  <culture-info current-culture="en-CA" current-uiculture="en-US" />
  <test-suite type="Assembly" name="C:\Users\Brian\Documents\Visual Studio 2013\Projects\MatchingGameFrameworks\MatchingGameFrameworksTest\bin\Debug\MatchingGameFrameworksTest.dll" executed="True" result="Failure" success="False" time="0.914" asserts="0">
    <results>
      <test-suite type="Namespace" name="MatchingGameFrameworksTest" executed="True" result="Failure" success="False" time="0.907" asserts="0">
        <results>
          <test-suite type="TestFixture" name="CardTest" executed="True" result="Success" success="True" time="0.102" asserts="0">
            <results>
              <test-case name="MatchingGameFrameworksTest.CardTest.flippping" executed="True" result="Success" success="True" time="0.034" asserts="2">
                <properties>
                  <property name="Timeout" value="3000" />
                </properties>
              </test-case>
              <test-case name="MatchingGameFrameworksTest.CardTest.match_negitive" executed="True" result="Success" success="True" time="0.001" asserts="1">
                <properties>
                  <property name="Timeout" value="3000" />
                </properties>
              </test-case>
              <test-case name="MatchingGameFrameworksTest.CardTest.match_positive" executed="True" result="Success" success="True" time="0.001" asserts="1">
                <properties>
                  <property name="Timeout" value="3000" />
                </properties>
              </test-case>
              <test-case name="MatchingGameFrameworksTest.CardTest.match_self_exception_off" executed="True" result="Success" success="True" time="0.000" asserts="1">
                <properties>
                  <property name="Timeout" value="3000" />
                </properties>
              </test-case>
              <test-case name="MatchingGameFrameworksTest.CardTest.match_self_exception_on" executed="True" result="Success" success="True" time="0.027" asserts="0">
                <properties>
                  <property name="Timeout" value="3000" />
                </properties>
              </test-case>
              <test-case name="MatchingGameFrameworksTest.CardTest.remove" executed="True" result="Success" success="True" time="0.002" asserts="1">
                <properties>
                  <property name="Timeout" value="3000" />
                </properties>
              </test-case>
            </results>
          </test-suite>
          <test-suite type="TestFixture" name="GameTest" executed="True" result="Success" success="True" time="0.368" asserts="0">
            <results>
              <test-case name="MatchingGameFrameworksTest.GameTest.card_count" executed="True" result="Success" success="True" time="0.133" asserts="1">
                <properties>
                  <property name="Timeout" value="3000" />
                </properties>
              </test-case>
              <test-case name="MatchingGameFrameworksTest.GameTest.card_remain" executed="True" result="Success" success="True" time="0.001" asserts="2">
                <properties>
                  <property name="Timeout" value="3000" />
                </properties>
              </test-case>
              <test-case name="MatchingGameFrameworksTest.GameTest.flip_cards_match_negitive" executed="True" result="Success" success="True" time="0.001" asserts="1">
                <properties>
                  <property name="Timeout" value="3000" />
                </properties>
              </test-case>
              <test-case name="MatchingGameFrameworksTest.GameTest.flip_cards_match_only_one" executed="True" result="Success" success="True" time="0.001" asserts="1">
                <properties>
                  <property name="Timeout" value="3000" />
                </properties>
              </test-case>
              <test-case name="MatchingGameFrameworksTest.GameTest.flip_cards_match_positive" executed="True" result="Success" success="True" time="0.001" asserts="1">
                <properties>
                  <property name="Timeout" value="3000" />
                </properties>
              </test-case>
              <test-case name="MatchingGameFrameworksTest.GameTest.flip_cards_match_too_many" executed="True" result="Success" success="True" time="0.001" asserts="1">
                <properties>
                  <property name="Timeout" value="3000" />
                </properties>
              </test-case>
              <test-case name="MatchingGameFrameworksTest.GameTest.fliped_card_count" executed="True" result="Success" success="True" time="0.001" asserts="2">
                <properties>
                  <property name="Timeout" value="3000" />
                </properties>
              </test-case>
              <test-case name="MatchingGameFrameworksTest.GameTest.game_is_complete_negitive" executed="True" result="Success" success="True" time="0.001" asserts="1">
                <properties>
                  <property name="Timeout" value="3000" />
                </properties>
              </test-case>
              <test-case name="MatchingGameFrameworksTest.GameTest.game_is_complete_positive" executed="True" result="Success" success="True" time="0.001" asserts="1">
                <properties>
                  <property name="Timeout" value="3000" />
                </properties>
              </test-case>
              <test-case name="MatchingGameFrameworksTest.GameTest.get_image" executed="True" result="Success" success="True" time="0.003" asserts="2">
                <properties>
                  <property name="Timeout" value="3000" />
                </properties>
              </test-case>
              <test-case name="MatchingGameFrameworksTest.GameTest.hidden_cards_count" executed="True" result="Success" success="True" time="0.001" asserts="2">
                <properties>
                  <property name="Timeout" value="3000" />
                </properties>
              </test-case>
              <test-case name="MatchingGameFrameworksTest.GameTest.hide_all_cards" executed="True" result="Success" success="True" time="0.001" asserts="2">
                <properties>
                  <property name="Timeout" value="3000" />
                </properties>
              </test-case>
              <test-case name="MatchingGameFrameworksTest.GameTest.remove_fliped_cards" executed="True" result="Success" success="True" time="0.001" asserts="2">
                <properties>
                  <property name="Timeout" value="3000" />
                </properties>
              </test-case>
              <test-case name="MatchingGameFrameworksTest.GameTest.removed_card_count" executed="True" result="Success" success="True" time="0.001" asserts="2">
                <properties>
                  <property name="Timeout" value="3000" />
                </properties>
              </test-case>
              <test-case name="MatchingGameFrameworksTest.GameTest.Reset_game" executed="True" result="Success" success="True" time="0.001" asserts="2">
                <properties>
                  <property name="Timeout" value="3000" />
                </properties>
              </test-case>
              <test-case name="MatchingGameFrameworksTest.GameTest.set_image" executed="True" result="Success" success="True" time="0.001" asserts="1">
                <properties>
                  <property name="Timeout" value="3000" />
                </properties>
              </test-case>
              <test-case name="MatchingGameFrameworksTest.GameTest.setting_up" executed="True" result="Success" success="True" time="0.156" asserts="0">
                <properties>
                  <property name="Timeout" value="3000" />
                </properties>
                <reason>
                  <message><![CDATA[]]></message>
                </reason>
              </test-case>
              <test-case name="MatchingGameFrameworksTest.GameTest.shuffle_with_negitive_number" executed="True" result="Success" success="True" time="0.006" asserts="0">
                <properties>
                  <property name="Timeout" value="3000" />
                </properties>
              </test-case>
              <test-case name="MatchingGameFrameworksTest.GameTest.unique_card_count" executed="True" result="Success" success="True" time="0.001" asserts="1">
                <properties>
                  <property name="Timeout" value="3000" />
                </properties>
              </test-case>
            </results>
          </test-suite>
          <test-suite type="TestFixture" name="HighScoreTest" executed="True" result="Failure" success="False" time="0.383" asserts="0">
            <results>
              <test-case name="MatchingGameFrameworksTest.HighScoreTest.attempt_to_reset_player_score" executed="True" result="Error" success="False" time="0.064" asserts="0">
                <properties>
                  <property name="Timeout" value="3000" />
                </properties>
                <failure>
                  <message><![CDATA[SetUp : System.NullReferenceException : Object reference not set to an instance of an object.
TearDown : System.IO.DirectoryNotFoundException : Could not find a part of the path 'C:\Test\Matching Game High Score Test.txt'.]]></message>
                  <stack-trace><![CDATA[at MatchingGameFrameworks.HighScore.ResetScore() in c:\Users\Brian Chaves\Documents\Visual Studio 2013\Projects\MatchingGameFrameworks\MatchingGameFrameworks\HighScore.cs:line 228
at MatchingGameFrameworksTest.HighScoreTest.SetUp() in c:\Users\Brian Chaves\Documents\Visual Studio 2013\Projects\MatchingGameFrameworks\MatchingGameFrameworksTest\HighScoreTest.cs:line 25
--TearDown
at System.IO.__Error.WinIOError(Int32 errorCode, String maybeFullPath)
at System.IO.File.InternalDelete(String path, Boolean checkHost)
at MatchingGameFrameworksTest.HighScoreTest.TearDown() in c:\Users\Brian Chaves\Documents\Visual Studio 2013\Projects\MatchingGameFrameworks\MatchingGameFrameworksTest\HighScoreTest.cs:line 98
]]></stack-trace>
                </failure>
              </test-case>
              <test-case name="MatchingGameFrameworksTest.HighScoreTest.made_high_score_test_negitive" executed="True" result="Error" success="False" time="0.003" asserts="0">
                <properties>
                  <property name="Timeout" value="3000" />
                </properties>
                <failure>
                  <message><![CDATA[SetUp : System.NullReferenceException : Object reference not set to an instance of an object.
TearDown : System.IO.DirectoryNotFoundException : Could not find a part of the path 'C:\Test\Matching Game High Score Test.txt'.]]></message>
                  <stack-trace><![CDATA[at MatchingGameFrameworks.HighScore.ResetScore() in c:\Users\Brian Chaves\Documents\Visual Studio 2013\Projects\MatchingGameFrameworks\MatchingGameFrameworks\HighScore.cs:line 228
at MatchingGameFrameworksTest.HighScoreTest.SetUp() in c:\Users\Brian Chaves\Documents\Visual Studio 2013\Projects\MatchingGameFrameworks\MatchingGameFrameworksTest\HighScoreTest.cs:line 25
--TearDown
at System.IO.__Error.WinIOError(Int32 errorCode, String maybeFullPath)
at System.IO.File.InternalDelete(String path, Boolean checkHost)
at MatchingGameFrameworksTest.HighScoreTest.TearDown() in c:\Users\Brian Chaves\Documents\Visual Studio 2013\Projects\MatchingGameFrameworks\MatchingGameFrameworksTest\HighScoreTest.cs:line 98
]]></stack-trace>
                </failure>
              </test-case>
              <test-case name="MatchingGameFrameworksTest.HighScoreTest.made_high_score_test_positive" executed="True" result="Error" success="False" time="0.003" asserts="0">
                <properties>
                  <property name="Timeout" value="3000" />
                </properties>
                <failure>
                  <message><![CDATA[SetUp : System.NullReferenceException : Object reference not set to an instance of an object.
TearDown : System.IO.DirectoryNotFoundException : Could not find a part of the path 'C:\Test\Matching Game High Score Test.txt'.]]></message>
                  <stack-trace><![CDATA[at MatchingGameFrameworks.HighScore.ResetScore() in c:\Users\Brian Chaves\Documents\Visual Studio 2013\Projects\MatchingGameFrameworks\MatchingGameFrameworks\HighScore.cs:line 228
at MatchingGameFrameworksTest.HighScoreTest.SetUp() in c:\Users\Brian Chaves\Documents\Visual Studio 2013\Projects\MatchingGameFrameworks\MatchingGameFrameworksTest\HighScoreTest.cs:line 25
--TearDown
at System.IO.__Error.WinIOError(Int32 errorCode, String maybeFullPath)
at System.IO.File.InternalDelete(String path, Boolean checkHost)
at MatchingGameFrameworksTest.HighScoreTest.TearDown() in c:\Users\Brian Chaves\Documents\Visual Studio 2013\Projects\MatchingGameFrameworks\MatchingGameFrameworksTest\HighScoreTest.cs:line 98
]]></stack-trace>
                </failure>
              </test-case>
              <test-case name="MatchingGameFrameworksTest.HighScoreTest.name_test" executed="True" result="Error" success="False" time="0.002" asserts="0">
                <properties>
                  <property name="Timeout" value="3000" />
                </properties>
                <failure>
                  <message><![CDATA[SetUp : System.NullReferenceException : Object reference not set to an instance of an object.
TearDown : System.IO.DirectoryNotFoundException : Could not find a part of the path 'C:\Test\Matching Game High Score Test.txt'.]]></message>
                  <stack-trace><![CDATA[at MatchingGameFrameworks.HighScore.ResetScore() in c:\Users\Brian Chaves\Documents\Visual Studio 2013\Projects\MatchingGameFrameworks\MatchingGameFrameworks\HighScore.cs:line 228
at MatchingGameFrameworksTest.HighScoreTest.SetUp() in c:\Users\Brian Chaves\Documents\Visual Studio 2013\Projects\MatchingGameFrameworks\MatchingGameFrameworksTest\HighScoreTest.cs:line 25
--TearDown
at System.IO.__Error.WinIOError(Int32 errorCode, String maybeFullPath)
at System.IO.File.InternalDelete(String path, Boolean checkHost)
at MatchingGameFrameworksTest.HighScoreTest.TearDown() in c:\Users\Brian Chaves\Documents\Visual Studio 2013\Projects\MatchingGameFrameworks\MatchingGameFrameworksTest\HighScoreTest.cs:line 98
]]></stack-trace>
                </failure>
              </test-case>
              <test-case name="MatchingGameFrameworksTest.HighScoreTest.reset_high_score" executed="True" result="Error" success="False" time="0.009" asserts="0">
                <properties>
                  <property name="Timeout" value="3000" />
                </properties>
                <failure>
                  <message><![CDATA[SetUp : System.NullReferenceException : Object reference not set to an instance of an object.
TearDown : System.IO.DirectoryNotFoundException : Could not find a part of the path 'C:\Test\Matching Game High Score Test.txt'.]]></message>
                  <stack-trace><![CDATA[at MatchingGameFrameworks.HighScore.ResetScore() in c:\Users\Brian Chaves\Documents\Visual Studio 2013\Projects\MatchingGameFrameworks\MatchingGameFrameworks\HighScore.cs:line 228
at MatchingGameFrameworksTest.HighScoreTest.SetUp() in c:\Users\Brian Chaves\Documents\Visual Studio 2013\Projects\MatchingGameFrameworks\MatchingGameFrameworksTest\HighScoreTest.cs:line 25
--TearDown
at System.IO.__Error.WinIOError(Int32 errorCode, String maybeFullPath)
at System.IO.File.InternalDelete(String path, Boolean checkHost)
at MatchingGameFrameworksTest.HighScoreTest.TearDown() in c:\Users\Brian Chaves\Documents\Visual Studio 2013\Projects\MatchingGameFrameworks\MatchingGameFrameworksTest\HighScoreTest.cs:line 98
]]></stack-trace>
                </failure>
              </test-case>
              <test-case name="MatchingGameFrameworksTest.HighScoreTest.set_score_error_test" executed="True" result="Error" success="False" time="0.002" asserts="0">
                <properties>
                  <property name="Timeout" value="3000" />
                </properties>
                <failure>
                  <message><![CDATA[SetUp : System.NullReferenceException : Object reference not set to an instance of an object.
TearDown : System.IO.DirectoryNotFoundException : Could not find a part of the path 'C:\Test\Matching Game High Score Test.txt'.]]></message>
                  <stack-trace><![CDATA[at MatchingGameFrameworks.HighScore.ResetScore() in c:\Users\Brian Chaves\Documents\Visual Studio 2013\Projects\MatchingGameFrameworks\MatchingGameFrameworks\HighScore.cs:line 228
at MatchingGameFrameworksTest.HighScoreTest.SetUp() in c:\Users\Brian Chaves\Documents\Visual Studio 2013\Projects\MatchingGameFrameworks\MatchingGameFrameworksTest\HighScoreTest.cs:line 25
--TearDown
at System.IO.__Error.WinIOError(Int32 errorCode, String maybeFullPath)
at System.IO.File.InternalDelete(String path, Boolean checkHost)
at MatchingGameFrameworksTest.HighScoreTest.TearDown() in c:\Users\Brian Chaves\Documents\Visual Studio 2013\Projects\MatchingGameFrameworks\MatchingGameFrameworksTest\HighScoreTest.cs:line 98
]]></stack-trace>
                </failure>
              </test-case>
              <test-case name="MatchingGameFrameworksTest.HighScoreTest.set_score_test" executed="True" result="Error" success="False" time="0.002" asserts="0">
                <properties>
                  <property name="Timeout" value="3000" />
                </properties>
                <failure>
                  <message><![CDATA[SetUp : System.NullReferenceException : Object reference not set to an instance of an object.
TearDown : System.IO.DirectoryNotFoundException : Could not find a part of the path 'C:\Test\Matching Game High Score Test.txt'.]]></message>
                  <stack-trace><![CDATA[at MatchingGameFrameworks.HighScore.ResetScore() in c:\Users\Brian Chaves\Documents\Visual Studio 2013\Projects\MatchingGameFrameworks\MatchingGameFrameworks\HighScore.cs:line 228
at MatchingGameFrameworksTest.HighScoreTest.SetUp() in c:\Users\Brian Chaves\Documents\Visual Studio 2013\Projects\MatchingGameFrameworks\MatchingGameFrameworksTest\HighScoreTest.cs:line 25
--TearDown
at System.IO.__Error.WinIOError(Int32 errorCode, String maybeFullPath)
at System.IO.File.InternalDelete(String path, Boolean checkHost)
at MatchingGameFrameworksTest.HighScoreTest.TearDown() in c:\Users\Brian Chaves\Documents\Visual Studio 2013\Projects\MatchingGameFrameworks\MatchingGameFrameworksTest\HighScoreTest.cs:line 98
]]></stack-trace>
                </failure>
              </test-case>
              <test-case name="MatchingGameFrameworksTest.HighScoreTest.SetUp" executed="True" result="Error" success="False" time="0.002" asserts="0">
                <properties>
                  <property name="Timeout" value="30000" />
                </properties>
                <failure>
                  <message><![CDATA[SetUp : System.NullReferenceException : Object reference not set to an instance of an object.
TearDown : System.IO.DirectoryNotFoundException : Could not find a part of the path 'C:\Test\Matching Game High Score Test.txt'.]]></message>
                  <stack-trace><![CDATA[at MatchingGameFrameworks.HighScore.ResetScore() in c:\Users\Brian Chaves\Documents\Visual Studio 2013\Projects\MatchingGameFrameworks\MatchingGameFrameworks\HighScore.cs:line 228
at MatchingGameFrameworksTest.HighScoreTest.SetUp() in c:\Users\Brian Chaves\Documents\Visual Studio 2013\Projects\MatchingGameFrameworks\MatchingGameFrameworksTest\HighScoreTest.cs:line 25
--TearDown
at System.IO.__Error.WinIOError(Int32 errorCode, String maybeFullPath)
at System.IO.File.InternalDelete(String path, Boolean checkHost)
at MatchingGameFrameworksTest.HighScoreTest.TearDown() in c:\Users\Brian Chaves\Documents\Visual Studio 2013\Projects\MatchingGameFrameworks\MatchingGameFrameworksTest\HighScoreTest.cs:line 98
]]></stack-trace>
                </failure>
              </test-case>
            </results>
          </test-suite>
          <test-suite type="TestFixture" name="ImageNameDatabaseTest" executed="True" result="Failure" success="False" time="0.013" asserts="0">
            <results>
              <test-case name="MatchingGameFrameworksTest.ImageNameDatabaseTest.load_database" executed="True" result="Error" success="False" time="0.002" asserts="0">
                <properties>
                  <property name="Timeout" value="3000" />
                </properties>
                <failure>
                  <message><![CDATA[System.NullReferenceException : Object reference not set to an instance of an object.]]></message>
                  <stack-trace><![CDATA[at MatchingGameFrameworks.ImageNameDatabase.LoadList(String fileName) in c:\Users\Brian Chaves\Documents\Visual Studio 2013\Projects\MatchingGameFrameworks\MatchingGameFrameworks\ImageNameDatabase.cs:line 56
at MatchingGameFrameworksTest.ImageNameDatabaseTest.load_database() in c:\Users\Brian Chaves\Documents\Visual Studio 2013\Projects\MatchingGameFrameworks\MatchingGameFrameworksTest\ImageNameDatabaseTest.cs:line 23
]]></stack-trace>
                </failure>
              </test-case>
              <test-case name="MatchingGameFrameworksTest.ImageNameDatabaseTest.save_database" executed="True" result="Error" success="False" time="0.002" asserts="0">
                <properties>
                  <property name="Timeout" value="3000" />
                </properties>
                <failure>
                  <message><![CDATA[System.NullReferenceException : Object reference not set to an instance of an object.]]></message>
                  <stack-trace><![CDATA[at MatchingGameFrameworks.ImageNameDatabase.SaveList(String fileName) in c:\Users\Brian Chaves\Documents\Visual Studio 2013\Projects\MatchingGameFrameworks\MatchingGameFrameworks\ImageNameDatabase.cs:line 78
at MatchingGameFrameworksTest.ImageNameDatabaseTest.save_database() in c:\Users\Brian Chaves\Documents\Visual Studio 2013\Projects\MatchingGameFrameworks\MatchingGameFrameworksTest\ImageNameDatabaseTest.cs:line 35
]]></stack-trace>
                </failure>
              </test-case>
            </results>
          </test-suite>
          <test-suite type="TestFixture" name="MatchingGamePlayerScoreTest" executed="True" result="Success" success="True" time="0.004" asserts="0">
            <results>
              <test-case name="MatchingGameFrameworksTest.MatchingGamePlayerScoreTest.score" executed="True" result="Success" success="True" time="0.003" asserts="1">
                <properties>
                  <property name="Timeout" value="3000" />
                </properties>
              </test-case>
            </results>
          </test-suite>
        </results>
      </test-suite>
    </results>
  </test-suite>
</test-results>